timestamp: 2013-11-18T20:01:23.382071
CREATE TABLE auth_user(
    id INTEGER PRIMARY KEY AUTOINCREMENT,
    first_name CHAR(128),
    last_name CHAR(128),
    email CHAR(512),
    password CHAR(512),
    registration_key CHAR(512),
    reset_password_key CHAR(512),
    registration_id CHAR(512)
);
success!
timestamp: 2013-11-18T20:01:23.514242
CREATE TABLE auth_group(
    id INTEGER PRIMARY KEY AUTOINCREMENT,
    role CHAR(512),
    description TEXT
);
success!
timestamp: 2013-11-18T20:01:23.646466
CREATE TABLE auth_membership(
    id INTEGER PRIMARY KEY AUTOINCREMENT,
    user_id INTEGER REFERENCES auth_user (id) ON DELETE CASCADE,
    group_id INTEGER REFERENCES auth_group (id) ON DELETE CASCADE
);
success!
timestamp: 2013-11-18T20:01:23.771916
CREATE TABLE auth_permission(
    id INTEGER PRIMARY KEY AUTOINCREMENT,
    group_id INTEGER REFERENCES auth_group (id) ON DELETE CASCADE,
    name CHAR(512),
    table_name CHAR(512),
    record_id INTEGER
);
success!
timestamp: 2013-11-18T20:01:23.911837
CREATE TABLE auth_event(
    id INTEGER PRIMARY KEY AUTOINCREMENT,
    time_stamp TIMESTAMP,
    client_ip CHAR(512),
    user_id INTEGER REFERENCES auth_user (id) ON DELETE CASCADE,
    origin CHAR(512),
    description TEXT
);
success!
timestamp: 2013-11-18T20:01:24.038050
CREATE TABLE auth_cas(
    id INTEGER PRIMARY KEY AUTOINCREMENT,
    user_id INTEGER REFERENCES auth_user (id) ON DELETE CASCADE,
    created_on TIMESTAMP,
    service CHAR(512),
    ticket CHAR(512),
    renew CHAR(1)
);
success!
timestamp: 2013-11-18T20:01:24.149149
CREATE TABLE kalender(
    id INTEGER PRIMARY KEY AUTOINCREMENT,
    jaar CHAR(4) NOT NULL UNIQUE,
    opmerkingen TEXT
);
success!
timestamp: 2013-11-18T20:15:35.469050
ALTER TABLE kalender ADD modified_by INTEGER REFERENCES auth_user (id) ON DELETE CASCADE;
timestamp: 2013-11-18T20:15:35.601041
ALTER TABLE kalender ADD is_active CHAR(1);
timestamp: 2013-11-18T20:15:35.711243
ALTER TABLE kalender ADD created_by INTEGER REFERENCES auth_user (id) ON DELETE CASCADE;
timestamp: 2013-11-18T20:15:35.822555
ALTER TABLE kalender ADD created_on TIMESTAMP;
timestamp: 2013-11-18T20:15:35.939442
ALTER TABLE kalender ADD modified_on TIMESTAMP;
success!
timestamp: 2013-11-21T12:47:13.420000
CREATE TABLE wedstrijd(
    id INTEGER PRIMARY KEY AUTOINCREMENT,
    kalender INTEGER REFERENCES kalender (id) ON DELETE CASCADE,
    datum DATE NOT NULL UNIQUE,
    omschrijving CHAR(100),
    inleg CHAR(100),
    vooruit CHAR(512),
    opmerkingen TEXT,
    is_active CHAR(1),
    created_on TIMESTAMP,
    created_by INTEGER REFERENCES auth_user (id) ON DELETE CASCADE,
    modified_on TIMESTAMP,
    modified_by INTEGER REFERENCES auth_user (id) ON DELETE CASCADE
);
success!
success!
success!
